# JRE version: 7.0_04-b22
# Java VM: Java HotSpot(TM) 64-Bit Server VM (23.0-b21 mixed mode windows-amd64 compressed oops)
Heap
 PSYoungGen      total 56896K, used 45194K [0x00000000c0800000, 0x00000000c4780000, 0x0000000000000000)
  eden space 48768K, 78% used [0x00000000c0800000,0x00000000c2d691d8,0x00000000c37a0000)
  from space 8128K, 84% used [0x00000000c3f90000,0x00000000c46498a8,0x00000000c4780000)
  to   space 8128K, 0% used [0x00000000c37a0000,0x00000000c37a0000,0x00000000c3f90000)
 ParOldGen       total 130048K, used 19762K [0x0000000041800000, 0x0000000049700000, 0x00000000c0800000)
  object space 130048K, 15% used [0x0000000041800000,0x0000000042b4ca40,0x0000000049700000)
 PSPermGen       total 21248K, used 17267K [0x000000003c600000, 0x000000003dac0000, 0x0000000041800000)
  object space 21248K, 81% used [0x000000003c600000,0x000000003d6dcc90,0x000000003dac0000)
GC Heap History (4 events):
Event: 2.926 GC heap before
{Heap before GC invocations=1 (full 0):
 PSYoungGen      total 56896K, used 48768K [0x00000000c0800000, 0x00000000c4780000, 0x0000000000000000)
  eden space 48768K, 100% used [0x00000000c0800000,0x00000000c37a0000,0x00000000c37a0000)
  from space 8128K, 0% used [0x00000000c3f90000,0x00000000c3f90000,0x00000000c4780000)
  to   space 8128K, 0% used [0x00000000c37a0000,0x00000000c37a0000,0x00000000c3f90000)
 ParOldGen       total 130048K, used 0K [0x0000000041800000, 0x0000000049700000, 0x00000000c0800000)
  object space 130048K, 0% used [0x0000000041800000,0x0000000041800000,0x0000000049700000)
 PSPermGen       total 21248K, used 17181K [0x000000003c600000, 0x000000003dac0000, 0x0000000041800000)
  object space 21248K, 80% used [0x000000003c600000,0x000000003d6c7640,0x000000003dac0000)
Event: 2.937 GC heap after
Heap after GC invocations=1 (full 0):
 PSYoungGen      total 56896K, used 8107K [0x00000000c0800000, 0x00000000c4780000, 0x0000000000000000)
  eden space 48768K, 0% used [0x00000000c0800000,0x00000000c0800000,0x00000000c37a0000)
  from space 8128K, 99% used [0x00000000c37a0000,0x00000000c3f8ad20,0x00000000c3f90000)
  to   space 8128K, 0% used [0x00000000c3f90000,0x00000000c3f90000,0x00000000c4780000)
 ParOldGen       total 130048K, used 10538K [0x0000000041800000, 0x0000000049700000, 0x00000000c0800000)
  object space 130048K, 8% used [0x0000000041800000,0x000000004224aa10,0x0000000049700000)
 PSPermGen       total 21248K, used 17181K [0x000000003c600000, 0x000000003dac0000, 0x0000000041800000)
  object space 21248K, 80% used [0x000000003c600000,0x000000003d6c7640,0x000000003dac0000)
}
Event: 3.426 GC heap before
{Heap before GC invocations=2 (full 0):
 PSYoungGen      total 56896K, used 56875K [0x00000000c0800000, 0x00000000c4780000, 0x0000000000000000)
  eden space 48768K, 100% used [0x00000000c0800000,0x00000000c37a0000,0x00000000c37a0000)
  from space 8128K, 99% used [0x00000000c37a0000,0x00000000c3f8ad20,0x00000000c3f90000)
  to   space 8128K, 0% used [0x00000000c3f90000,0x00000000c3f90000,0x00000000c4780000)
 ParOldGen       total 130048K, used 10538K [0x0000000041800000, 0x0000000049700000, 0x00000000c0800000)
  object space 130048K, 8% used [0x0000000041800000,0x000000004224aa10,0x0000000049700000)
 PSPermGen       total 21248K, used 17197K [0x000000003c600000, 0x000000003dac0000, 0x0000000041800000)
  object space 21248K, 80% used [0x000000003c600000,0x000000003d6cb778,0x000000003dac0000)
Event: 3.432 GC heap after
Heap after GC invocations=2 (full 0):
 PSYoungGen      total 56896K, used 6886K [0x00000000c0800000, 0x00000000c4780000, 0x0000000000000000)
  eden space 48768K, 0% used [0x00000000c0800000,0x00000000c0800000,0x00000000c37a0000)
  from space 8128K, 84% used [0x00000000c3f90000,0x00000000c46498a8,0x00000000c4780000)
  to   space 8128K, 0% used [0x00000000c37a0000,0x00000000c37a0000,0x00000000c3f90000)
 ParOldGen       total 130048K, used 19762K [0x0000000041800000, 0x0000000049700000, 0x00000000c0800000)
  object space 130048K, 15% used [0x0000000041800000,0x0000000042b4ca40,0x0000000049700000)
 PSPermGen       total 21248K, used 17197K [0x000000003c600000, 0x000000003dac0000, 0x0000000041800000)
  object space 21248K, 80% used [0x000000003c600000,0x000000003d6cb778,0x000000003dac0000)
}

